<?xml version="1.0" encoding="UTF-8"?>
<robot generator="Robot 6.1 (Python 3.11.4 on win32)" generated="20230704 09:29:22.668" rpa="false" schemaversion="4">
<suite id="s1" name="Hello" source="C:\Users\khair\Robot\Hello.robot">
<test id="s1-t1" name="Test Case1" line="5">
<kw name="Open Browser" library="SeleniumLibrary">
<arg>https://www.youtube.com</arg>
<arg>Chrome</arg>
<doc>Opens a new browser instance to the optional ``url``.</doc>
<msg timestamp="20230704 09:29:23.966" level="INFO">Opening browser 'Chrome' to base url 'https://www.youtube.com'.</msg>
<status status="PASS" starttime="20230704 09:29:23.963" endtime="20230704 09:29:44.550"/>
</kw>
<status status="PASS" starttime="20230704 09:29:23.912" endtime="20230704 09:29:44.748"/>
</test>
<status status="PASS" starttime="20230704 09:29:22.675" endtime="20230704 09:29:45.745"/>
</suite>
<statistics>
<total>
<stat pass="1" fail="0" skip="0">All Tests</stat>
</total>
<tag>
</tag>
<suite>
<stat pass="1" fail="0" skip="0" id="s1" name="Hello">Hello</stat>
</suite>
</statistics>
<errors>
</errors>
</robot>
